Arguments: 
  /home/yachujoshi/.nvm/versions/node/v16.17.1/bin/node /home/yachujoshi/.nvm/versions/node/v16.17.1/bin/yarn add --dev nodemon ts-node

PATH: 
  /home/yachujoshi/.nvm/versions/node/v16.17.1/bin:/usr/local/sbin:/usr/local/bin:/usr/sbin:/usr/bin:/sbin:/bin:/usr/games:/usr/local/games:/usr/lib/wsl/lib:/mnt/c/Program Files/NVIDIA GPU Computing Toolkit/CUDA/v11.6/bin:/mnt/c/Program Files/NVIDIA GPU Computing Toolkit/CUDA/v11.6/libnvvp:/mnt/c/Windows/system32:/mnt/c/Windows:/mnt/c/Windows/System32/Wbem:/mnt/c/Windows/System32/WindowsPowerShell/v1.0/:/mnt/c/Windows/System32/OpenSSH/:/mnt/c/Program Files/nodejs/:/mnt/c/Program Files/Git/cmd:/mnt/c/Program Files/NVIDIA Corporation/NVIDIA NvDLISR:/mnt/c/Program Files (x86)/NVIDIA Corporation/PhysX/Common:/mnt/c/Program Files/NVIDIA Corporation/Nsight Compute 2022.1.0/:/mnt/c/Users/yachu/AppData/Local/Programs/Python/Python310/Scripts/:/mnt/c/Users/yachu/AppData/Local/Programs/Python/Python310/:/mnt/c/Users/yachu/AppData/Local/Microsoft/WindowsApps:/mnt/c/Users/yachu/AppData/Local/Programs/Microsoft VS Code/bin:/mnt/c/Users/yachu/AppData/Roaming/npm

Yarn version: 
  1.22.19

Node version: 
  16.17.1

Platform: 
  linux x64

Trace: 
  SyntaxError: /home/yachujoshi/yachu/8-puzzle-ts/package.json: Unexpected string in JSON at position 155
      at JSON.parse (<anonymous>)
      at /home/yachujoshi/.nvm/versions/node/v16.17.1/lib/node_modules/yarn/lib/cli.js:1629:59
      at Generator.next (<anonymous>)
      at step (/home/yachujoshi/.nvm/versions/node/v16.17.1/lib/node_modules/yarn/lib/cli.js:310:30)
      at /home/yachujoshi/.nvm/versions/node/v16.17.1/lib/node_modules/yarn/lib/cli.js:321:13

npm manifest: 
  {
    "name": "8-puzzle-ts",
    "version": "1.0.0",
    "description": "",
    "main": "index.js",
    "scripts": {
      "dev": "tsc --watch",
      "run": "node"
      "build": "tsc"
    },
    "keywords": [],
    "author": "",
    "license": "ISC",
    "devDependencies": {
      "lodash": "^4.17.21"
    },
    "dependencies": {
      "@types/lodash": "^4.14.182",
      "typescript": "^4.8.4"
    }
  }

yarn manifest: 
  No manifest

Lockfile: 
  # THIS IS AN AUTOGENERATED FILE. DO NOT EDIT THIS FILE DIRECTLY.
  # yarn lockfile v1
  
  
  "@types/lodash@^4.14.182":
    version "4.14.186"
    resolved "https://registry.yarnpkg.com/@types/lodash/-/lodash-4.14.186.tgz#862e5514dd7bd66ada6c70ee5fce844b06c8ee97"
    integrity sha512-eHcVlLXP0c2FlMPm56ITode2AgLMSa6aJ05JTTbYbI+7EMkCEE5qk2E41d5g2lCVTqRe0GnnRFurmlCsDODrPw==
  
  lodash@^4.17.21:
    version "4.17.21"
    resolved "https://registry.yarnpkg.com/lodash/-/lodash-4.17.21.tgz#679591c564c3bffaae8454cf0b3df370c3d6911c"
    integrity sha512-v2kDEe57lecTulaDIuNTPy3Ry4gLGJ6Z1O3vE1krgXZNrsQ+LFTGHVxVjcXPs17LhbZVGedAJv8XZ1tvj5FvSg==
  
  typescript@^4.8.4:
    version "4.8.4"
    resolved "https://registry.yarnpkg.com/typescript/-/typescript-4.8.4.tgz#c464abca159669597be5f96b8943500b238e60e6"
    integrity sha512-QCh+85mCy+h0IGff8r5XWzOVSbBO+KfeYrMQh7NJ58QujwcE22u+NUSmUxqF+un70P9GXKxa2HCNiTTMJknyjQ==
